g++ -c -Wall -ansi -pedantic -O3 -I/home/xiashy/include -I/usr/local/include main_filestorage.cpp
main_filestorage.cpp: In function ‘int main(int, char**)’:
main_filestorage.cpp:34:22: error: ambiguous overload for ‘operator<<’ (operand types are ‘std::basic_ostream<char>’ and ‘cv::FileNode’)
     cout << "root: " << fsOpen.root() << endl;
                      ^
main_filestorage.cpp:34:22: note: candidates are:
In file included from /usr/include/c++/4.8/istream:39:0,
                 from /usr/include/c++/4.8/sstream:38,
                 from /usr/include/c++/4.8/complex:45,
                 from /usr/local/include/opencv2/core/core.hpp:59,
                 from main_filestorage.cpp:13:
/usr/include/c++/4.8/ostream:166:7: note: std::basic_ostream<_CharT, _Traits>::__ostream_type& std::basic_ostream<_CharT, _Traits>::operator<<(long int) [with _CharT = char; _Traits = std::char_traits<char>; std::basic_ostream<_CharT, _Traits>::__ostream_type = std::basic_ostream<char>]
       operator<<(long __n)
       ^
/usr/include/c++/4.8/ostream:170:7: note: std::basic_ostream<_CharT, _Traits>::__ostream_type& std::basic_ostream<_CharT, _Traits>::operator<<(long unsigned int) [with _CharT = char; _Traits = std::char_traits<char>; std::basic_ostream<_CharT, _Traits>::__ostream_type = std::basic_ostream<char>]
       operator<<(unsigned long __n)
       ^
/usr/include/c++/4.8/ostream:174:7: note: std::basic_ostream<_CharT, _Traits>::__ostream_type& std::basic_ostream<_CharT, _Traits>::operator<<(bool) [with _CharT = char; _Traits = std::char_traits<char>; std::basic_ostream<_CharT, _Traits>::__ostream_type = std::basic_ostream<char>]
       operator<<(bool __n)
       ^
In file included from /usr/include/c++/4.8/ostream:612:0,
                 from /usr/include/c++/4.8/istream:39,
                 from /usr/include/c++/4.8/sstream:38,
                 from /usr/include/c++/4.8/complex:45,
                 from /usr/local/include/opencv2/core/core.hpp:59,
                 from main_filestorage.cpp:13:
/usr/include/c++/4.8/bits/ostream.tcc:91:5: note: std::basic_ostream<_CharT, _Traits>& std::basic_ostream<_CharT, _Traits>::operator<<(short int) [with _CharT = char; _Traits = std::char_traits<char>]
     basic_ostream<_CharT, _Traits>::
     ^
In file included from /usr/include/c++/4.8/istream:39:0,
                 from /usr/include/c++/4.8/sstream:38,
                 from /usr/include/c++/4.8/complex:45,
                 from /usr/local/include/opencv2/core/core.hpp:59,
                 from main_filestorage.cpp:13:
/usr/include/c++/4.8/ostream:181:7: note: std::basic_ostream<_CharT, _Traits>::__ostream_type& std::basic_ostream<_CharT, _Traits>::operator<<(short unsigned int) [with _CharT = char; _Traits = std::char_traits<char>; std::basic_ostream<_CharT, _Traits>::__ostream_type = std::basic_ostream<char>]
       operator<<(unsigned short __n)
       ^
In file included from /usr/include/c++/4.8/ostream:612:0,
                 from /usr/include/c++/4.8/istream:39,
                 from /usr/include/c++/4.8/sstream:38,
                 from /usr/include/c++/4.8/complex:45,
                 from /usr/local/include/opencv2/core/core.hpp:59,
                 from main_filestorage.cpp:13:
/usr/include/c++/4.8/bits/ostream.tcc:105:5: note: std::basic_ostream<_CharT, _Traits>& std::basic_ostream<_CharT, _Traits>::operator<<(int) [with _CharT = char; _Traits = std::char_traits<char>]
     basic_ostream<_CharT, _Traits>::
     ^
In file included from /usr/include/c++/4.8/istream:39:0,
                 from /usr/include/c++/4.8/sstream:38,
                 from /usr/include/c++/4.8/complex:45,
                 from /usr/local/include/opencv2/core/core.hpp:59,
                 from main_filestorage.cpp:13:
/usr/include/c++/4.8/ostream:192:7: note: std::basic_ostream<_CharT, _Traits>::__ostream_type& std::basic_ostream<_CharT, _Traits>::operator<<(unsigned int) [with _CharT = char; _Traits = std::char_traits<char>; std::basic_ostream<_CharT, _Traits>::__ostream_type = std::basic_ostream<char>]
       operator<<(unsigned int __n)
       ^
/usr/include/c++/4.8/ostream:201:7: note: std::basic_ostream<_CharT, _Traits>::__ostream_type& std::basic_ostream<_CharT, _Traits>::operator<<(long long int) [with _CharT = char; _Traits = std::char_traits<char>; std::basic_ostream<_CharT, _Traits>::__ostream_type = std::basic_ostream<char>]
       operator<<(long long __n)
       ^
/usr/include/c++/4.8/ostream:205:7: note: std::basic_ostream<_CharT, _Traits>::__ostream_type& std::basic_ostream<_CharT, _Traits>::operator<<(long long unsigned int) [with _CharT = char; _Traits = std::char_traits<char>; std::basic_ostream<_CharT, _Traits>::__ostream_type = std::basic_ostream<char>]
       operator<<(unsigned long long __n)
       ^
/usr/include/c++/4.8/ostream:220:7: note: std::basic_ostream<_CharT, _Traits>::__ostream_type& std::basic_ostream<_CharT, _Traits>::operator<<(double) [with _CharT = char; _Traits = std::char_traits<char>; std::basic_ostream<_CharT, _Traits>::__ostream_type = std::basic_ostream<char>]
       operator<<(double __f)
       ^
/usr/include/c++/4.8/ostream:224:7: note: std::basic_ostream<_CharT, _Traits>::__ostream_type& std::basic_ostream<_CharT, _Traits>::operator<<(float) [with _CharT = char; _Traits = std::char_traits<char>; std::basic_ostream<_CharT, _Traits>::__ostream_type = std::basic_ostream<char>]
       operator<<(float __f)
       ^
/usr/include/c++/4.8/ostream:232:7: note: std::basic_ostream<_CharT, _Traits>::__ostream_type& std::basic_ostream<_CharT, _Traits>::operator<<(long double) [with _CharT = char; _Traits = std::char_traits<char>; std::basic_ostream<_CharT, _Traits>::__ostream_type = std::basic_ostream<char>]
       operator<<(long double __f)
       ^
/usr/include/c++/4.8/ostream:493:5: note: std::basic_ostream<char, _Traits>& std::operator<<(std::basic_ostream<char, _Traits>&, unsigned char) [with _Traits = std::char_traits<char>]
     operator<<(basic_ostream<char, _Traits>& __out, unsigned char __c)
     ^
/usr/include/c++/4.8/ostream:488:5: note: std::basic_ostream<char, _Traits>& std::operator<<(std::basic_ostream<char, _Traits>&, signed char) [with _Traits = std::char_traits<char>]
     operator<<(basic_ostream<char, _Traits>& __out, signed char __c)
     ^
/usr/include/c++/4.8/ostream:482:5: note: std::basic_ostream<char, _Traits>& std::operator<<(std::basic_ostream<char, _Traits>&, char) [with _Traits = std::char_traits<char>]
     operator<<(basic_ostream<char, _Traits>& __out, char __c)
     ^
/usr/include/c++/4.8/ostream:476:5: note: std::basic_ostream<_CharT, _Traits>& std::operator<<(std::basic_ostream<_CharT, _Traits>&, char) [with _CharT = char; _Traits = std::char_traits<char>]
     operator<<(basic_ostream<_CharT, _Traits>& __out, char __c)
     ^
make: *** [main_filestorage.o] 错误 1
